<?xml version="1.0" encoding="UTF-8"?>
<!-- Generated by org.testng.reporters.JUnitReportReporter -->
<testsuite hostname="LAPTOP-2OMVKCI9" name="test_Ng_Package.Test_Case_001" tests="4" failures="0" timestamp="31 May 2019 10:19:56 GMT" time="124.486" errors="0">
  <testcase name="launchApplication" time="118.815" classname="test_Ng_Package.Test_Case_001"/>
  <testcase name="searchResult" time="0.657" classname="test_Ng_Package.Test_Case_001"/>
  <testcase name="searchItem" time="4.580" classname="test_Ng_Package.Test_Case_001"/>
  <testcase name="clickButton" time="0.434" classname="test_Ng_Package.Test_Case_001"/>
</testsuite> <!-- test_Ng_Package.Test_Case_001 -->
